yarn run v1.22.4
$ react-scripts start
[34mℹ[39m [90m｢wds｣[39m: Project is running at http://192.168.43.204/
[34mℹ[39m [90m｢wds｣[39m: webpack output is served from 
[34mℹ[39m [90m｢wds｣[39m: Content not from webpack is served from /Users/ts-rajesh.sundaram/DevP/react-s3-lambda-cf/client/public
[34mℹ[39m [90m｢wds｣[39m: 404s will fallback to /
Starting the development server...

Browserslist: caniuse-lite is outdated. Please run the following command: `npx browserslist --update-db`
Compiled successfully!

You can now view client in the browser.

  Local:            http://localhost:3001
  On Your Network:  http://192.168.43.204:3001

Note that the development build is not optimized.
To create a production build, use yarn build.

yarn run v1.22.4
$ react-scripts start
Something is already running on port 3001.
Done in 1.32s.
yarn run v1.22.4
$ react-scripts start
Something is already running on port 3001.
Done in 1.36s.
yarn run v1.22.4
$ react-scripts start
Something is already running on port 3001.
Done in 1.31s.
yarn run v1.22.4
$ react-scripts start
[34mℹ[39m [90m｢wds｣[39m: Project is running at http://192.168.43.204/
[34mℹ[39m [90m｢wds｣[39m: webpack output is served from 
[34mℹ[39m [90m｢wds｣[39m: Content not from webpack is served from /Users/ts-rajesh.sundaram/DevP/react-s3-lambda-cf/client/public
[34mℹ[39m [90m｢wds｣[39m: 404s will fallback to /
Starting the development server...

Done in 2.25s.
yarn run v1.22.4
$ react-scripts start
[34mℹ[39m [90m｢wds｣[39m: Project is running at http://192.168.43.204/
[34mℹ[39m [90m｢wds｣[39m: webpack output is served from 
[34mℹ[39m [90m｢wds｣[39m: Content not from webpack is served from /Users/ts-rajesh.sundaram/DevP/react-s3-lambda-cf/client/public
[34mℹ[39m [90m｢wds｣[39m: 404s will fallback to /
Starting the development server...

Done in 1.99s.
yarn run v1.22.4
$ react-scripts start
[34mℹ[39m [90m｢wds｣[39m: Project is running at http://192.168.43.204/
[34mℹ[39m [90m｢wds｣[39m: webpack output is served from 
[34mℹ[39m [90m｢wds｣[39m: Content not from webpack is served from /Users/ts-rajesh.sundaram/DevP/react-s3-lambda-cf/client/public
[34mℹ[39m [90m｢wds｣[39m: 404s will fallback to /
Starting the development server...

Browserslist: caniuse-lite is outdated. Please run the following command: `npx browserslist --update-db`
Compiled successfully!

You can now view client in the browser.

  Local:            http://localhost:3001
  On Your Network:  http://192.168.43.204:3001

Note that the development build is not optimized.
To create a production build, use yarn build.

yarn run v1.22.4
$ react-scripts start
[34mℹ[39m [90m｢wds｣[39m: Project is running at http://192.168.43.204/
[34mℹ[39m [90m｢wds｣[39m: webpack output is served from 
[34mℹ[39m [90m｢wds｣[39m: Content not from webpack is served from /Users/ts-rajesh.sundaram/DevP/react-s3-lambda-cf/client/public
[34mℹ[39m [90m｢wds｣[39m: 404s will fallback to /
Starting the development server...

Done in 2.30s.
yarn run v1.22.4
$ react-scripts start
[34mℹ[39m [90m｢wds｣[39m: Project is running at http://192.168.43.204/
[34mℹ[39m [90m｢wds｣[39m: webpack output is served from 
[34mℹ[39m [90m｢wds｣[39m: Content not from webpack is served from /Users/ts-rajesh.sundaram/DevP/react-s3-lambda-cf/client/public
[34mℹ[39m [90m｢wds｣[39m: 404s will fallback to /
Starting the development server...

Done in 1.95s.
yarn run v1.22.4
$ react-scripts start
[34mℹ[39m [90m｢wds｣[39m: Project is running at http://192.168.43.204/
[34mℹ[39m [90m｢wds｣[39m: webpack output is served from 
[34mℹ[39m [90m｢wds｣[39m: Content not from webpack is served from /Users/ts-rajesh.sundaram/DevP/react-s3-lambda-cf/client/public
[34mℹ[39m [90m｢wds｣[39m: 404s will fallback to /
Starting the development server...

Done in 1.99s.
